<?xml version="1.0" encoding="UTF-8"?>
<testng-results ignored="0" total="1" passed="1" failed="0" skipped="0">
  <reporter-output>
  </reporter-output>
  <suite started-at="2024-05-27T19:51:23 IST" name="Default suite" finished-at="2024-05-27T19:51:48 IST" duration-ms="25429">
    <groups>
    </groups>
    <test started-at="2024-05-27T19:51:23 IST" name="Default test" finished-at="2024-05-27T19:51:48 IST" duration-ms="25429">
      <class name="testCases.ApplyVerifyLeave">
        <test-method signature="loginApplyLeave()[pri:0, instance:testCases.ApplyVerifyLeave@40cb8df7]" started-at="2024-05-27T19:51:23 IST" name="loginApplyLeave" finished-at="2024-05-27T19:51:48 IST" duration-ms="25385" status="PASS">
          <reporter-output>
          </reporter-output>
        </test-method> <!-- loginApplyLeave -->
      </class> <!-- testCases.ApplyVerifyLeave -->
    </test> <!-- Default test -->
  </suite> <!-- Default suite -->
</testng-results>
